Arguments: 
  /Users/Nazim/.nvm/versions/node/v8.5.0/bin/node /Users/Nazim/.nvm/versions/node/v8.5.0/bin/yarn publish

PATH: 
  /Users/Nazim/.nvm/versions/node/v8.5.0/bin:/usr/local/bin:/usr/local/sbin:/usr/bin:/bin:/usr/sbin:/sbin:/opt/X11/bin

Yarn version: 
  1.2.1

Node version: 
  8.5.0

Platform: 
  darwin x64

npm manifest: 
  {
    "name": "redux-sidekick",
    "version": "0.0.1",
    "description": "Opionated helpers for redux",
    "main": "index.js",
    "repository": "git@github.com:Miz85/redux-sidekick.git",
    "author": "Nazim Saouli",
    "license": "MIT",
    "private": false
  }

yarn manifest: 
  No manifest

Lockfile: 
  No lockfile

Trace: 
  Error: canceled
      at Interface.<anonymous> (/Users/Nazim/.nvm/versions/node/v8.5.0/lib/node_modules/yarn/lib/cli.js:120971:13)
      at emitNone (events.js:105:13)
      at Interface.emit (events.js:207:7)
      at Interface._ttyWrite (readline.js:770:16)
      at ReadStream.onkeypress (readline.js:158:10)
      at emitTwo (events.js:125:13)
      at ReadStream.emit (events.js:213:7)
      at emitKeys (internal/readline.js:420:14)
      at emitKeys.next (<anonymous>)
      at ReadStream.onData (readline.js:1007:36)
